Importing i2c based on 2844a48706e54ddda4a04269dba4250b42f449de
$ git clone -s -l -n -q . ../quilt-tmp
$ cd ../quilt-tmp
$ git reset --hard 2844a48706e54ddda4a04269dba4250b42f449de
HEAD is now at 2844a48 Merge branch 'akpm' (Fixes from Andrew)
$ git am ../quilt/i2c/maintainers-fix-drivers-i2c-busses-i2c-stub.patch
Applying: MAINTAINERS: Fix drivers/i2c/busses/i2c-stub.c
$ git am ../quilt/i2c/i2c-i801-01-add-device-tree-support.patch
Applying: i2c-i801: Add device tree support
$ git am ../quilt/i2c/i2c-i801-02-enable-interrupts-for-all.patch
Applying: i2c-i801: Enable interrupts for all post-ICH5 chips
$ git am ../quilt/i2c/i2c-piix4-convert-dev_printk-kern_-level-to-dev_-level.patch
Applying: i2c-piix4: Convert dev_printk(KERN_<LEVEL> to dev_<level>(
$ git am ../quilt/i2c/i2c-mention-func-flags-in-smbus-documentation.patch
Applying: i2c: Mention functionality flags in SMBus protocol documentation
$ cd /home/sfr/kernels/next/next
$ git fetch -f ../quilt-tmp master:i2c/master
From ../quilt-tmp
 + 40d8ef3...c1ec1ae master     -> i2c/master  (forced update)
Importing jdelvare-hwmon based on 2844a48706e54ddda4a04269dba4250b42f449de
$ cd ../quilt-tmp
$ git reset --hard 2844a48706e54ddda4a04269dba4250b42f449de
HEAD is now at 2844a48 Merge branch 'akpm' (Fixes from Andrew)
$ git am ../quilt/jdelvare-hwmon/hwmon-fix-PCI-device-reference-leak.patch
Applying: hwmon: Fix PCI device reference leak in quirk
$ git am ../quilt/jdelvare-hwmon/hwmon-w83627hf-restore-limits-on-resume.patch
Applying: hwmon: (w83627hf) Add support for suspend
$ git am ../quilt/jdelvare-hwmon/hwmon-w83627ehf-restore-limits-on-resume.patch
Applying: hwmon: (w83627ehf) Add support for suspend
$ git am ../quilt/jdelvare-hwmon/hwmon-w83627hf-dont-touch-nonexistent-I2C-address-registers.patch
Applying: hwmon: (w83627hf) Don't touch nonexistent I2C address registers
$ git am ../quilt/jdelvare-hwmon/hwmon-w83627ehf-fix-smatch-warnings.patch
Applying: hwmon: (w83627ehf) Get rid of smatch warnings
$ git am ../quilt/jdelvare-hwmon/hwmon-it87-01-save-temperature-registers-in-2-dimensional-array.patch
Applying: hwmon: (it87) Save temperature registers in 2-dimensional array
$ git am ../quilt/jdelvare-hwmon/hwmon-it87-02-save-voltage-register-values-in-2-dimensional-array.patch
Applying: hwmon: (it87) Save voltage register values in 2-dimensional array
$ git am ../quilt/jdelvare-hwmon/hwmon-it87-03-replace-macro-defining-tempx_type-sensors-with-direct-definitions.patch
Applying: hwmon: (it87) Replace macro defining tempX_type sensors with direct definitions
$ git am ../quilt/jdelvare-hwmon/hwmon-it87-04-introduce-support-for-tempx_offset-sysfs-attribute.patch
Applying: hwmon: (it87) Introduce support for tempX_offset sysfs attribute
$ git am ../quilt/jdelvare-hwmon/hwmon-it87-05-save-fan-registers-in-2-dimensional-array.patch
Applying: hwmon: (it87) Save fan registers in 2-dimensional array
$ git am ../quilt/jdelvare-hwmon/hwmon-it87-06-avoid-quoted-string-splits-across-lines.patch
Applying: hwmon: (it87) Avoid quoted string splits across lines
$ git am ../quilt/jdelvare-hwmon/hwmon-it87-07-replace-pwm-group-macro-with-direct-attribute-definitions.patch
Applying: hwmon: (it87) Replace pwm group macro with direct attribute definitions
$ git am ../quilt/jdelvare-hwmon/hwmon-it87-08-manage-device-specific-features-with-table.patch
Applying: hwmon: (it87) Manage device specific features with table
$ git am ../quilt/jdelvare-hwmon/hwmon-it87-09-report-thermal-sensor-type-as-intel-peci-if-appropriate.patch
Applying: hwmon: (it87) Report thermal sensor type as Intel PECI if appropriate
$ git am ../quilt/jdelvare-hwmon/hwmon-it87-10-support-peci-for-additional-chips.patch
Applying: hwmon: (it87) Support PECI for additional chips
$ cd /home/sfr/kernels/next/next
$ git fetch -f ../quilt-tmp master:jdelvare-hwmon/master
From ../quilt-tmp
 + 15d5964...d2d9cf3 master     -> jdelvare-hwmon/master  (forced update)
Importing device-mapper based on v3.7-rc1
Unchanged quilt series device-mapper
